     6>D:\projects\misis2024f-check\misis2024f-24-01-malashin-n-o\prj.check\prj.check\doctest_complex\doctest_complex_io.cpp(23,5): error C2065: Complex: необъявленный идентификатор [D:\projects\misis2024f-check\misis2024f-24-01-malashin-n-o\build.check\prj.check\prj.check\doctest_complex\doctest_complex_io.vcxproj]
     5>D:\projects\misis2024f-check\misis2024f-24-01-malashin-n-o\prj.check\prj.check\doctest_rational\doctest_rational.cpp(29,3): error C2675: унарный "-": "Rational" не определяет этот оператор или преобразование к типу приемлемо к встроенному оператору [D:\projects\misis2024f-check\misis2024f-24-01-malashin-n-o\build.check\prj.check\prj.check\doctest_rational\doctest_rational.vcxproj]
     5>D:\projects\misis2024f-check\misis2024f-24-01-malashin-n-o\prj.check\prj.check\doctest_rational\doctest_rational.cpp(29,3): error C2088: встроенный оператор "-" не может быть применен к операнду типа "Rational" [D:\projects\misis2024f-check\misis2024f-24-01-malashin-n-o\build.check\prj.check\prj.check\doctest_rational\doctest_rational.vcxproj]
     6>D:\projects\misis2024f-check\misis2024f-24-01-malashin-n-o\prj.check\prj.check\doctest_complex\doctest_complex_io.cpp(23,13): error C2146: синтаксическая ошибка: отсутствие ";" перед идентификатором "z" [D:\projects\misis2024f-check\misis2024f-24-01-malashin-n-o\build.check\prj.check\prj.check\doctest_complex\doctest_complex_io.vcxproj]
     6>D:\projects\misis2024f-check\misis2024f-24-01-malashin-n-o\prj.check\prj.check\doctest_complex\doctest_complex_io.cpp(23,13): error C2065: z: необъявленный идентификатор [D:\projects\misis2024f-check\misis2024f-24-01-malashin-n-o\build.check\prj.check\prj.check\doctest_complex\doctest_complex_io.vcxproj]
     5>D:\projects\misis2024f-check\misis2024f-24-01-malashin-n-o\prj.check\prj.check\doctest_rational\doctest_rational.cpp(29,3): error C2672: "doctest::detail::ResultBuilder::binary_assert": не найдена соответствующая перегруженная функция [D:\projects\misis2024f-check\misis2024f-24-01-malashin-n-o\build.check\prj.check\prj.check\doctest_rational\doctest_rational.vcxproj]
     6>D:\projects\misis2024f-check\misis2024f-24-01-malashin-n-o\prj.check\prj.check\doctest_complex\doctest_complex_io.cpp(24,14): error C2065: z: необъявленный идентификатор [D:\projects\misis2024f-check\misis2024f-24-01-malashin-n-o\build.check\prj.check\prj.check\doctest_complex\doctest_complex_io.vcxproj]
     5>D:\projects\misis2024f-check\misis2024f-24-01-malashin-n-o\prj.check\prj.check\doctest_rational\doctest_rational.cpp(30,3): error C2675: унарный "-": "Rational" не определяет этот оператор или преобразование к типу приемлемо к встроенному оператору [D:\projects\misis2024f-check\misis2024f-24-01-malashin-n-o\build.check\prj.check\prj.check\doctest_rational\doctest_rational.vcxproj]
     6>D:\projects\misis2024f-check\misis2024f-24-01-malashin-n-o\prj.check\prj.check\doctest_complex\doctest_complex_io.cpp(31,5): error C2065: Complex: необъявленный идентификатор [D:\projects\misis2024f-check\misis2024f-24-01-malashin-n-o\build.check\prj.check\prj.check\doctest_complex\doctest_complex_io.vcxproj]
     5>D:\projects\misis2024f-check\misis2024f-24-01-malashin-n-o\prj.check\prj.check\doctest_rational\doctest_rational.cpp(30,3): error C2088: встроенный оператор "-" не может быть применен к операнду типа "Rational" [D:\projects\misis2024f-check\misis2024f-24-01-malashin-n-o\build.check\prj.check\prj.check\doctest_rational\doctest_rational.vcxproj]
     6>D:\projects\misis2024f-check\misis2024f-24-01-malashin-n-o\prj.check\prj.check\doctest_complex\doctest_complex_io.cpp(31,13): error C2146: синтаксическая ошибка: отсутствие ";" перед идентификатором "z" [D:\projects\misis2024f-check\misis2024f-24-01-malashin-n-o\build.check\prj.check\prj.check\doctest_complex\doctest_complex_io.vcxproj]
     5>D:\projects\misis2024f-check\misis2024f-24-01-malashin-n-o\prj.check\prj.check\doctest_rational\doctest_rational.cpp(30,3): error C2672: "doctest::detail::ResultBuilder::binary_assert": не найдена соответствующая перегруженная функция [D:\projects\misis2024f-check\misis2024f-24-01-malashin-n-o\build.check\prj.check\prj.check\doctest_rational\doctest_rational.vcxproj]
     6>D:\projects\misis2024f-check\misis2024f-24-01-malashin-n-o\prj.check\prj.check\doctest_complex\doctest_complex_io.cpp(31,13): error C2065: z: необъявленный идентификатор [D:\projects\misis2024f-check\misis2024f-24-01-malashin-n-o\build.check\prj.check\prj.check\doctest_complex\doctest_complex_io.vcxproj]
     6>D:\projects\misis2024f-check\misis2024f-24-01-malashin-n-o\prj.check\prj.check\doctest_complex\doctest_complex_io.cpp(32,14): error C2065: z: необъявленный идентификатор [D:\projects\misis2024f-check\misis2024f-24-01-malashin-n-o\build.check\prj.check\prj.check\doctest_complex\doctest_complex_io.vcxproj]
     5>D:\projects\misis2024f-check\misis2024f-24-01-malashin-n-o\prj.check\prj.check\doctest_rational\doctest_rational.cpp(31,3): error C2675: унарный "-": "Rational" не определяет этот оператор или преобразование к типу приемлемо к встроенному оператору [D:\projects\misis2024f-check\misis2024f-24-01-malashin-n-o\build.check\prj.check\prj.check\doctest_rational\doctest_rational.vcxproj]
     6>D:\projects\misis2024f-check\misis2024f-24-01-malashin-n-o\prj.check\prj.check\doctest_complex\doctest_complex_io.cpp(40,3): error C2065: Complex: необъявленный идентификатор [D:\projects\misis2024f-check\misis2024f-24-01-malashin-n-o\build.check\prj.check\prj.check\doctest_complex\doctest_complex_io.vcxproj]
     5>D:\projects\misis2024f-check\misis2024f-24-01-malashin-n-o\prj.check\prj.check\doctest_rational\doctest_rational.cpp(31,3): error C2088: встроенный оператор "-" не может быть применен к операнду типа "Rational" [D:\projects\misis2024f-check\misis2024f-24-01-malashin-n-o\build.check\prj.check\prj.check\doctest_rational\doctest_rational.vcxproj]
     6>D:\projects\misis2024f-check\misis2024f-24-01-malashin-n-o\prj.check\prj.check\doctest_complex\doctest_complex_io.cpp(40,11): error C2146: синтаксическая ошибка: отсутствие ";" перед идентификатором "z" [D:\projects\misis2024f-check\misis2024f-24-01-malashin-n-o\build.check\prj.check\prj.check\doctest_complex\doctest_complex_io.vcxproj]
     5>D:\projects\misis2024f-check\misis2024f-24-01-malashin-n-o\prj.check\prj.check\doctest_rational\doctest_rational.cpp(31,3): error C2672: "doctest::detail::ResultBuilder::binary_assert": не найдена соответствующая перегруженная функция [D:\projects\misis2024f-check\misis2024f-24-01-malashin-n-o\build.check\prj.check\prj.check\doctest_rational\doctest_rational.vcxproj]
     6>D:\projects\misis2024f-check\misis2024f-24-01-malashin-n-o\prj.check\prj.check\doctest_complex\doctest_complex_io.cpp(40,11): error C2065: z: необъявленный идентификатор [D:\projects\misis2024f-check\misis2024f-24-01-malashin-n-o\build.check\prj.check\prj.check\doctest_complex\doctest_complex_io.vcxproj]
     6>D:\projects\misis2024f-check\misis2024f-24-01-malashin-n-o\prj.check\prj.check\doctest_complex\doctest_complex_io.cpp(41,12): error C2065: z: необъявленный идентификатор [D:\projects\misis2024f-check\misis2024f-24-01-malashin-n-o\build.check\prj.check\prj.check\doctest_complex\doctest_complex_io.vcxproj]
     6>D:\projects\misis2024f-check\misis2024f-24-01-malashin-n-o\prj.check\prj.check\doctest_complex\doctest_complex_io.cpp(42,3): error C2065: Complex: необъявленный идентификатор [D:\projects\misis2024f-check\misis2024f-24-01-malashin-n-o\build.check\prj.check\prj.check\doctest_complex\doctest_complex_io.vcxproj]
     6>D:\projects\misis2024f-check\misis2024f-24-01-malashin-n-o\prj.check\prj.check\doctest_complex\doctest_complex_io.cpp(42,11): error C2146: синтаксическая ошибка: отсутствие ";" перед идентификатором "z_from_text" [D:\projects\misis2024f-check\misis2024f-24-01-malashin-n-o\build.check\prj.check\prj.check\doctest_complex\doctest_complex_io.vcxproj]
     6>D:\projects\misis2024f-check\misis2024f-24-01-malashin-n-o\prj.check\prj.check\doctest_complex\doctest_complex_io.cpp(42,11): error C2065: z_from_text: необъявленный идентификатор [D:\projects\misis2024f-check\misis2024f-24-01-malashin-n-o\build.check\prj.check\prj.check\doctest_complex\doctest_complex_io.vcxproj]
     6>D:\projects\misis2024f-check\misis2024f-24-01-malashin-n-o\prj.check\prj.check\doctest_complex\doctest_complex_io.cpp(44,12): error C2065: z: необъявленный идентификатор [D:\projects\misis2024f-check\misis2024f-24-01-malashin-n-o\build.check\prj.check\prj.check\doctest_complex\doctest_complex_io.vcxproj]
     6>D:\projects\misis2024f-check\misis2024f-24-01-malashin-n-o\prj.check\prj.check\doctest_complex\doctest_complex_io.cpp(46,3): error C2065: z: необъявленный идентификатор [D:\projects\misis2024f-check\misis2024f-24-01-malashin-n-o\build.check\prj.check\prj.check\doctest_complex\doctest_complex_io.vcxproj]
     6>D:\projects\misis2024f-check\misis2024f-24-01-malashin-n-o\prj.check\prj.check\doctest_complex\doctest_complex_io.cpp(46,3): error C2065: z_from_text: необъявленный идентификатор [D:\projects\misis2024f-check\misis2024f-24-01-malashin-n-o\build.check\prj.check\prj.check\doctest_complex\doctest_complex_io.vcxproj]
     6>D:\projects\misis2024f-check\misis2024f-24-01-malashin-n-o\prj.check\prj.check\doctest_complex\doctest_complex_io.cpp(50,5): error C2065: Complex: необъявленный идентификатор [D:\projects\misis2024f-check\misis2024f-24-01-malashin-n-o\build.check\prj.check\prj.check\doctest_complex\doctest_complex_io.vcxproj]
     6>D:\projects\misis2024f-check\misis2024f-24-01-malashin-n-o\prj.check\prj.check\doctest_complex\doctest_complex_io.cpp(50,13): error C2146: синтаксическая ошибка: отсутствие ";" перед идентификатором "z" [D:\projects\misis2024f-check\misis2024f-24-01-malashin-n-o\build.check\prj.check\prj.check\doctest_complex\doctest_complex_io.vcxproj]
     6>D:\projects\misis2024f-check\misis2024f-24-01-malashin-n-o\prj.check\prj.check\doctest_complex\doctest_complex_io.cpp(50,13): error C2065: z: необъявленный идентификатор [D:\projects\misis2024f-check\misis2024f-24-01-malashin-n-o\build.check\prj.check\prj.check\doctest_complex\doctest_complex_io.vcxproj]
     6>D:\projects\misis2024f-check\misis2024f-24-01-malashin-n-o\prj.check\prj.check\doctest_complex\doctest_complex_io.cpp(51,14): error C2065: z: необъявленный идентификатор [D:\projects\misis2024f-check\misis2024f-24-01-malashin-n-o\build.check\prj.check\prj.check\doctest_complex\doctest_complex_io.vcxproj]
     6>D:\projects\misis2024f-check\misis2024f-24-01-malashin-n-o\prj.check\prj.check\doctest_complex\doctest_complex_io.cpp(57,5): error C2065: Complex: необъявленный идентификатор [D:\projects\misis2024f-check\misis2024f-24-01-malashin-n-o\build.check\prj.check\prj.check\doctest_complex\doctest_complex_io.vcxproj]
     6>D:\projects\misis2024f-check\misis2024f-24-01-malashin-n-o\prj.check\prj.check\doctest_complex\doctest_complex_io.cpp(57,13): error C2146: синтаксическая ошибка: отсутствие ";" перед идентификатором "z" [D:\projects\misis2024f-check\misis2024f-24-01-malashin-n-o\build.check\prj.check\prj.check\doctest_complex\doctest_complex_io.vcxproj]
     6>D:\projects\misis2024f-check\misis2024f-24-01-malashin-n-o\prj.check\prj.check\doctest_complex\doctest_complex_io.cpp(57,13): error C2065: z: необъявленный идентификатор [D:\projects\misis2024f-check\misis2024f-24-01-malashin-n-o\build.check\prj.check\prj.check\doctest_complex\doctest_complex_io.vcxproj]
     6>D:\projects\misis2024f-check\misis2024f-24-01-malashin-n-o\prj.check\prj.check\doctest_complex\doctest_complex_io.cpp(58,14): error C2065: z: необъявленный идентификатор [D:\projects\misis2024f-check\misis2024f-24-01-malashin-n-o\build.check\prj.check\prj.check\doctest_complex\doctest_complex_io.vcxproj]
     3>D:\projects\misis2024f-check\misis2024f-24-01-malashin-n-o\prj.check\prj.check\doctest_complex\doctest_complex.cpp(16,13): error C4430: отсутствует спецификатор типа - предполагается int. Примечание. C++ не поддерживает int по умолчанию [D:\projects\misis2024f-check\misis2024f-24-01-malashin-n-o\build.check\prj.check\prj.check\doctest_complex\doctest_complex.vcxproj]
     3>D:\projects\misis2024f-check\misis2024f-24-01-malashin-n-o\prj.check\prj.check\doctest_complex\doctest_complex.cpp(16,9): error C2146: синтаксическая ошибка: отсутствие ";" перед идентификатором "conj" [D:\projects\misis2024f-check\misis2024f-24-01-malashin-n-o\build.check\prj.check\prj.check\doctest_complex\doctest_complex.vcxproj]
     3>D:\projects\misis2024f-check\misis2024f-24-01-malashin-n-o\prj.check\prj.check\doctest_complex\doctest_complex.cpp(16,32): error C2143: синтаксическая ошибка: отсутствие ";" перед "{" [D:\projects\misis2024f-check\misis2024f-24-01-malashin-n-o\build.check\prj.check\prj.check\doctest_complex\doctest_complex.vcxproj]
     3>D:\projects\misis2024f-check\misis2024f-24-01-malashin-n-o\prj.check\prj.check\doctest_complex\doctest_complex.cpp(16,32): error C2447: {: отсутствует заголовок функции (возможно, используется формальный список старого типа) [D:\projects\misis2024f-check\misis2024f-24-01-malashin-n-o\build.check\prj.check\prj.check\doctest_complex\doctest_complex.vcxproj]
     3>D:\projects\misis2024f-check\misis2024f-24-01-malashin-n-o\prj.check\prj.check\doctest_complex\doctest_complex.cpp(21,3): error C2064: результатом вычисления фрагмента не является функция, принимающая 0 аргументов [D:\projects\misis2024f-check\misis2024f-24-01-malashin-n-o\build.check\prj.check\prj.check\doctest_complex\doctest_complex.vcxproj]
     3>D:\projects\misis2024f-check\misis2024f-24-01-malashin-n-o\prj.check\prj.check\doctest_complex\doctest_complex.cpp(21,3): error C2064: результатом вычисления фрагмента не является функция, принимающая 2 аргументов [D:\projects\misis2024f-check\misis2024f-24-01-malashin-n-o\build.check\prj.check\prj.check\doctest_complex\doctest_complex.vcxproj]
     3>D:\projects\misis2024f-check\misis2024f-24-01-malashin-n-o\prj.check\prj.check\doctest_complex\doctest_complex.cpp(22,3): error C2064: результатом вычисления фрагмента не является функция, принимающая 1 аргументов [D:\projects\misis2024f-check\misis2024f-24-01-malashin-n-o\build.check\prj.check\prj.check\doctest_complex\doctest_complex.vcxproj]
     3>D:\projects\misis2024f-check\misis2024f-24-01-malashin-n-o\prj.check\prj.check\doctest_complex\doctest_complex.cpp(22,3): error C2064: результатом вычисления фрагмента не является функция, принимающая 2 аргументов [D:\projects\misis2024f-check\misis2024f-24-01-malashin-n-o\build.check\prj.check\prj.check\doctest_complex\doctest_complex.vcxproj]
     3>D:\projects\misis2024f-check\misis2024f-24-01-malashin-n-o\prj.check\prj.check\doctest_complex\doctest_complex.cpp(26,11): error C2146: синтаксическая ошибка: отсутствие ";" перед идентификатором "z" [D:\projects\misis2024f-check\misis2024f-24-01-malashin-n-o\build.check\prj.check\prj.check\doctest_complex\doctest_complex.vcxproj]
     3>D:\projects\misis2024f-check\misis2024f-24-01-malashin-n-o\prj.check\prj.check\doctest_complex\doctest_complex.cpp(26,11): error C3861: z: идентификатор не найден [D:\projects\misis2024f-check\misis2024f-24-01-malashin-n-o\build.check\prj.check\prj.check\doctest_complex\doctest_complex.vcxproj]
     3>D:\projects\misis2024f-check\misis2024f-24-01-malashin-n-o\prj.check\prj.check\doctest_complex\doctest_complex.cpp(27,11): error C2146: синтаксическая ошибка: отсутствие ";" перед идентификатором "z_copy" [D:\projects\misis2024f-check\misis2024f-24-01-malashin-n-o\build.check\prj.check\prj.check\doctest_complex\doctest_complex.vcxproj]
     3>D:\projects\misis2024f-check\misis2024f-24-01-malashin-n-o\prj.check\prj.check\doctest_complex\doctest_complex.cpp(27,18): error C2065: z: необъявленный идентификатор [D:\projects\misis2024f-check\misis2024f-24-01-malashin-n-o\build.check\prj.check\prj.check\doctest_complex\doctest_complex.vcxproj]
     3>D:\projects\misis2024f-check\misis2024f-24-01-malashin-n-o\prj.check\prj.check\doctest_complex\doctest_complex.cpp(27,11): error C3861: z_copy: идентификатор не найден [D:\projects\misis2024f-check\misis2024f-24-01-malashin-n-o\build.check\prj.check\prj.check\doctest_complex\doctest_complex.vcxproj]
     3>D:\projects\misis2024f-check\misis2024f-24-01-malashin-n-o\prj.check\prj.check\doctest_complex\doctest_complex.cpp(28,3): error C2065: z: необъявленный идентификатор [D:\projects\misis2024f-check\misis2024f-24-01-malashin-n-o\build.check\prj.check\prj.check\doctest_complex\doctest_complex.vcxproj]
     3>D:\projects\misis2024f-check\misis2024f-24-01-malashin-n-o\prj.check\prj.check\doctest_complex\doctest_complex.cpp(28,3): error C2065: z_copy: необъявленный идентификатор [D:\projects\misis2024f-check\misis2024f-24-01-malashin-n-o\build.check\prj.check\prj.check\doctest_complex\doctest_complex.vcxproj]
     3>D:\projects\misis2024f-check\misis2024f-24-01-malashin-n-o\prj.check\prj.check\doctest_complex\doctest_complex.cpp(32,11): error C2146: синтаксическая ошибка: отсутствие ";" перед идентификатором "z" [D:\projects\misis2024f-check\misis2024f-24-01-malashin-n-o\build.check\prj.check\prj.check\doctest_complex\doctest_complex.vcxproj]
     3>D:\projects\misis2024f-check\misis2024f-24-01-malashin-n-o\prj.check\prj.check\doctest_complex\doctest_complex.cpp(32,11): error C3861: z: идентификатор не найден [D:\projects\misis2024f-check\misis2024f-24-01-malashin-n-o\build.check\prj.check\prj.check\doctest_complex\doctest_complex.vcxproj]
     3>D:\projects\misis2024f-check\misis2024f-24-01-malashin-n-o\prj.check\prj.check\doctest_complex\doctest_complex.cpp(33,11): error C2146: синтаксическая ошибка: отсутствие ";" перед идентификатором "z_copy" [D:\projects\misis2024f-check\misis2024f-24-01-malashin-n-o\build.check\prj.check\prj.check\doctest_complex\doctest_complex.vcxproj]
     3>D:\projects\misis2024f-check\misis2024f-24-01-malashin-n-o\prj.check\prj.check\doctest_complex\doctest_complex.cpp(33,11): error C2065: z_copy: необъявленный идентификатор [D:\projects\misis2024f-check\misis2024f-24-01-malashin-n-o\build.check\prj.check\prj.check\doctest_complex\doctest_complex.vcxproj]
     3>D:\projects\misis2024f-check\misis2024f-24-01-malashin-n-o\prj.check\prj.check\doctest_complex\doctest_complex.cpp(34,3): error C2065: z: необъявленный идентификатор [D:\projects\misis2024f-check\misis2024f-24-01-malashin-n-o\build.check\prj.check\prj.check\doctest_complex\doctest_complex.vcxproj]
     3>D:\projects\misis2024f-check\misis2024f-24-01-malashin-n-o\prj.check\prj.check\doctest_complex\doctest_complex.cpp(34,3): error C2065: z_copy: необъявленный идентификатор [D:\projects\misis2024f-check\misis2024f-24-01-malashin-n-o\build.check\prj.check\prj.check\doctest_complex\doctest_complex.vcxproj]
     3>D:\projects\misis2024f-check\misis2024f-24-01-malashin-n-o\prj.check\prj.check\doctest_complex\doctest_complex.cpp(35,3): error C2065: z_copy: необъявленный идентификатор [D:\projects\misis2024f-check\misis2024f-24-01-malashin-n-o\build.check\prj.check\prj.check\doctest_complex\doctest_complex.vcxproj]
     3>D:\projects\misis2024f-check\misis2024f-24-01-malashin-n-o\prj.check\prj.check\doctest_complex\doctest_complex.cpp(35,12): error C2065: z: необъявленный идентификатор [D:\projects\misis2024f-check\misis2024f-24-01-malashin-n-o\build.check\prj.check\prj.check\doctest_complex\doctest_complex.vcxproj]
     3>D:\projects\misis2024f-check\misis2024f-24-01-malashin-n-o\prj.check\prj.check\doctest_complex\doctest_complex.cpp(36,3): error C2065: z: необъявленный идентификатор [D:\projects\misis2024f-check\misis2024f-24-01-malashin-n-o\build.check\prj.check\prj.check\doctest_complex\doctest_complex.vcxproj]
     3>D:\projects\misis2024f-check\misis2024f-24-01-malashin-n-o\prj.check\prj.check\doctest_complex\doctest_complex.cpp(36,3): error C2065: z_copy: необъявленный идентификатор [D:\projects\misis2024f-check\misis2024f-24-01-malashin-n-o\build.check\prj.check\prj.check\doctest_complex\doctest_complex.vcxproj]
     3>D:\projects\misis2024f-check\misis2024f-24-01-malashin-n-o\prj.check\prj.check\doctest_complex\doctest_complex.cpp(37,3): error C2065: z_copy: необъявленный идентификатор [D:\projects\misis2024f-check\misis2024f-24-01-malashin-n-o\build.check\prj.check\prj.check\doctest_complex\doctest_complex.vcxproj]
     3>D:\projects\misis2024f-check\misis2024f-24-01-malashin-n-o\prj.check\prj.check\doctest_complex\doctest_complex.cpp(37,12): error C2064: результатом вычисления фрагмента не является функция, принимающая 2 аргументов [D:\projects\misis2024f-check\misis2024f-24-01-malashin-n-o\build.check\prj.check\prj.check\doctest_complex\doctest_complex.vcxproj]
     3>D:\projects\misis2024f-check\misis2024f-24-01-malashin-n-o\prj.check\prj.check\doctest_complex\doctest_complex.cpp(38,3): error C2065: z: необъявленный идентификатор [D:\projects\misis2024f-check\misis2024f-24-01-malashin-n-o\build.check\prj.check\prj.check\doctest_complex\doctest_complex.vcxproj]
     3>D:\projects\misis2024f-check\misis2024f-24-01-malashin-n-o\prj.check\prj.check\doctest_complex\doctest_complex.cpp(38,3): error C2065: z_copy: необъявленный идентификатор [D:\projects\misis2024f-check\misis2024f-24-01-malashin-n-o\build.check\prj.check\prj.check\doctest_complex\doctest_complex.vcxproj]
     3>D:\projects\misis2024f-check\misis2024f-24-01-malashin-n-o\prj.check\prj.check\doctest_complex\doctest_complex.cpp(42,3): error C2064: результатом вычисления фрагмента не является функция, принимающая 1 аргументов [D:\projects\misis2024f-check\misis2024f-24-01-malashin-n-o\build.check\prj.check\prj.check\doctest_complex\doctest_complex.vcxproj]
     3>D:\projects\misis2024f-check\misis2024f-24-01-malashin-n-o\prj.check\prj.check\doctest_complex\doctest_complex.cpp(43,3): error C2064: результатом вычисления фрагмента не является функция, принимающая 2 аргументов [D:\projects\misis2024f-check\misis2024f-24-01-malashin-n-o\build.check\prj.check\prj.check\doctest_complex\doctest_complex.vcxproj]
     3>D:\projects\misis2024f-check\misis2024f-24-01-malashin-n-o\prj.check\prj.check\doctest_complex\doctest_complex.cpp(44,3): error C2064: результатом вычисления фрагмента не является функция, принимающая 1 аргументов [D:\projects\misis2024f-check\misis2024f-24-01-malashin-n-o\build.check\prj.check\prj.check\doctest_complex\doctest_complex.vcxproj]
     3>D:\projects\misis2024f-check\misis2024f-24-01-malashin-n-o\prj.check\prj.check\doctest_complex\doctest_complex.cpp(45,3): error C2064: результатом вычисления фрагмента не является функция, принимающая 2 аргументов [D:\projects\misis2024f-check\misis2024f-24-01-malashin-n-o\build.check\prj.check\prj.check\doctest_complex\doctest_complex.vcxproj]
     3>D:\projects\misis2024f-check\misis2024f-24-01-malashin-n-o\prj.check\prj.check\doctest_complex\doctest_complex.cpp(46,3): error C2064: результатом вычисления фрагмента не является функция, принимающая 1 аргументов [D:\projects\misis2024f-check\misis2024f-24-01-malashin-n-o\build.check\prj.check\prj.check\doctest_complex\doctest_complex.vcxproj]
     3>D:\projects\misis2024f-check\misis2024f-24-01-malashin-n-o\prj.check\prj.check\doctest_complex\doctest_complex.cpp(47,3): error C2064: результатом вычисления фрагмента не является функция, принимающая 2 аргументов [D:\projects\misis2024f-check\misis2024f-24-01-malashin-n-o\build.check\prj.check\prj.check\doctest_complex\doctest_complex.vcxproj]
     3>D:\projects\misis2024f-check\misis2024f-24-01-malashin-n-o\prj.check\prj.check\doctest_complex\doctest_complex.cpp(48,3): error C2064: результатом вычисления фрагмента не является функция, принимающая 1 аргументов [D:\projects\misis2024f-check\misis2024f-24-01-malashin-n-o\build.check\prj.check\prj.check\doctest_complex\doctest_complex.vcxproj]
     3>D:\projects\misis2024f-check\misis2024f-24-01-malashin-n-o\prj.check\prj.check\doctest_complex\doctest_complex.cpp(49,3): error C2064: результатом вычисления фрагмента не является функция, принимающая 2 аргументов [D:\projects\misis2024f-check\misis2024f-24-01-malashin-n-o\build.check\prj.check\prj.check\doctest_complex\doctest_complex.vcxproj]
     3>D:\projects\misis2024f-check\misis2024f-24-01-malashin-n-o\prj.check\prj.check\doctest_complex\doctest_complex.cpp(50,3): error C2064: результатом вычисления фрагмента не является функция, принимающая 2 аргументов [D:\projects\misis2024f-check\misis2024f-24-01-malashin-n-o\build.check\prj.check\prj.check\doctest_complex\doctest_complex.vcxproj]
     3>D:\projects\misis2024f-check\misis2024f-24-01-malashin-n-o\prj.check\prj.check\doctest_complex\doctest_complex.cpp(51,3): error C2064: результатом вычисления фрагмента не является функция, принимающая 1 аргументов [D:\projects\misis2024f-check\misis2024f-24-01-malashin-n-o\build.check\prj.check\prj.check\doctest_complex\doctest_complex.vcxproj]
     3>D:\projects\misis2024f-check\misis2024f-24-01-malashin-n-o\prj.check\prj.check\doctest_complex\doctest_complex.cpp(52,3): error C2064: результатом вычисления фрагмента не является функция, принимающая 2 аргументов [D:\projects\misis2024f-check\misis2024f-24-01-malashin-n-o\build.check\prj.check\prj.check\doctest_complex\doctest_complex.vcxproj]
     3>D:\projects\misis2024f-check\misis2024f-24-01-malashin-n-o\prj.check\prj.check\doctest_complex\doctest_complex.cpp(53,3): error C2064: результатом вычисления фрагмента не является функция, принимающая 1 аргументов [D:\projects\misis2024f-check\misis2024f-24-01-malashin-n-o\build.check\prj.check\prj.check\doctest_complex\doctest_complex.vcxproj]
     3>D:\projects\misis2024f-check\misis2024f-24-01-malashin-n-o\prj.check\prj.check\doctest_complex\doctest_complex.cpp(54,3): error C2064: результатом вычисления фрагмента не является функция, принимающая 2 аргументов [D:\projects\misis2024f-check\misis2024f-24-01-malashin-n-o\build.check\prj.check\prj.check\doctest_complex\doctest_complex.vcxproj]
     3>D:\projects\misis2024f-check\misis2024f-24-01-malashin-n-o\prj.check\prj.check\doctest_complex\doctest_complex.cpp(58,3): error C2064: результатом вычисления фрагмента не является функция, принимающая 1 аргументов [D:\projects\misis2024f-check\misis2024f-24-01-malashin-n-o\build.check\prj.check\prj.check\doctest_complex\doctest_complex.vcxproj]
     3>D:\projects\misis2024f-check\misis2024f-24-01-malashin-n-o\prj.check\prj.check\doctest_complex\doctest_complex.cpp(59,3): error C2064: результатом вычисления фрагмента не является функция, принимающая 2 аргументов [D:\projects\misis2024f-check\misis2024f-24-01-malashin-n-o\build.check\prj.check\prj.check\doctest_complex\doctest_complex.vcxproj]
     3>D:\projects\misis2024f-check\misis2024f-24-01-malashin-n-o\prj.check\prj.check\doctest_complex\doctest_complex.cpp(60,3): error C2064: результатом вычисления фрагмента не является функция, принимающая 1 аргументов [D:\projects\misis2024f-check\misis2024f-24-01-malashin-n-o\build.check\prj.check\prj.check\doctest_complex\doctest_complex.vcxproj]
     3>D:\projects\misis2024f-check\misis2024f-24-01-malashin-n-o\prj.check\prj.check\doctest_complex\doctest_complex.cpp(61,3): error C2064: результатом вычисления фрагмента не является функция, принимающая 2 аргументов [D:\projects\misis2024f-check\misis2024f-24-01-malashin-n-o\build.check\prj.check\prj.check\doctest_complex\doctest_complex.vcxproj]
     3>D:\projects\misis2024f-check\misis2024f-24-01-malashin-n-o\prj.check\prj.check\doctest_complex\doctest_complex.cpp(65,3): error C2064: результатом вычисления фрагмента не является функция, принимающая 1 аргументов [D:\projects\misis2024f-check\misis2024f-24-01-malashin-n-o\build.check\prj.check\prj.check\doctest_complex\doctest_complex.vcxproj]
     3>D:\projects\misis2024f-check\misis2024f-24-01-malashin-n-o\prj.check\prj.check\doctest_complex\doctest_complex.cpp(65,3): error C3861: conj: идентификатор не найден [D:\projects\misis2024f-check\misis2024f-24-01-malashin-n-o\build.check\prj.check\prj.check\doctest_complex\doctest_complex.vcxproj]
     3>D:\projects\misis2024f-check\misis2024f-24-01-malashin-n-o\prj.check\prj.check\doctest_complex\doctest_complex.cpp(66,3): error C2064: результатом вычисления фрагмента не является функция, принимающая 2 аргументов [D:\projects\misis2024f-check\misis2024f-24-01-malashin-n-o\build.check\prj.check\prj.check\doctest_complex\doctest_complex.vcxproj]
     3>D:\projects\misis2024f-check\misis2024f-24-01-malashin-n-o\prj.check\prj.check\doctest_complex\doctest_complex.cpp(66,3): error C3861: conj: идентификатор не найден [D:\projects\misis2024f-check\misis2024f-24-01-malashin-n-o\build.check\prj.check\prj.check\doctest_complex\doctest_complex.vcxproj]
     3>D:\projects\misis2024f-check\misis2024f-24-01-malashin-n-o\prj.check\prj.check\doctest_complex\doctest_complex.cpp(70,3): error C2064: результатом вычисления фрагмента не является функция, принимающая 2 аргументов [D:\projects\misis2024f-check\misis2024f-24-01-malashin-n-o\build.check\prj.check\prj.check\doctest_complex\doctest_complex.vcxproj]
     3>D:\projects\misis2024f-check\misis2024f-24-01-malashin-n-o\prj.check\prj.check\doctest_complex\doctest_complex.cpp(74,3): error C2064: результатом вычисления фрагмента не является функция, принимающая 2 аргументов [D:\projects\misis2024f-check\misis2024f-24-01-malashin-n-o\build.check\prj.check\prj.check\doctest_complex\doctest_complex.vcxproj]
     3>D:\projects\misis2024f-check\misis2024f-24-01-malashin-n-o\prj.check\prj.check\doctest_complex\doctest_complex.cpp(75,3): error C2064: результатом вычисления фрагмента не является функция, принимающая 2 аргументов [D:\projects\misis2024f-check\misis2024f-24-01-malashin-n-o\build.check\prj.check\prj.check\doctest_complex\doctest_complex.vcxproj]
     3>D:\projects\misis2024f-check\misis2024f-24-01-malashin-n-o\prj.check\prj.check\doctest_complex\doctest_complex.cpp(75,3): error C2064: результатом вычисления фрагмента не является функция, принимающая 1 аргументов [D:\projects\misis2024f-check\misis2024f-24-01-malashin-n-o\build.check\prj.check\prj.check\doctest_complex\doctest_complex.vcxproj]
     3>D:\projects\misis2024f-check\misis2024f-24-01-malashin-n-o\prj.check\prj.check\doctest_complex\doctest_complex.cpp(76,3): error C2064: результатом вычисления фрагмента не является функция, принимающая 2 аргументов [D:\projects\misis2024f-check\misis2024f-24-01-malashin-n-o\build.check\prj.check\prj.check\doctest_complex\doctest_complex.vcxproj]
     3>D:\projects\misis2024f-check\misis2024f-24-01-malashin-n-o\prj.check\prj.check\doctest_complex\doctest_complex.cpp(76,3): error C2064: результатом вычисления фрагмента не является функция, принимающая 1 аргументов [D:\projects\misis2024f-check\misis2024f-24-01-malashin-n-o\build.check\prj.check\prj.check\doctest_complex\doctest_complex.vcxproj]
     3>D:\projects\misis2024f-check\misis2024f-24-01-malashin-n-o\prj.check\prj.check\doctest_complex\doctest_complex.cpp(77,3): error C2064: результатом вычисления фрагмента не является функция, принимающая 2 аргументов [D:\projects\misis2024f-check\misis2024f-24-01-malashin-n-o\build.check\prj.check\prj.check\doctest_complex\doctest_complex.vcxproj]
     3>D:\projects\misis2024f-check\misis2024f-24-01-malashin-n-o\prj.check\prj.check\doctest_complex\doctest_complex.cpp(77,3): error C2064: результатом вычисления фрагмента не является функция, принимающая 1 аргументов [D:\projects\misis2024f-check\misis2024f-24-01-malashin-n-o\build.check\prj.check\prj.check\doctest_complex\doctest_complex.vcxproj]
     3>D:\projects\misis2024f-check\misis2024f-24-01-malashin-n-o\prj.check\prj.check\doctest_complex\doctest_complex.cpp(81,3): error C2064: результатом вычисления фрагмента не является функция, принимающая 2 аргументов [D:\projects\misis2024f-check\misis2024f-24-01-malashin-n-o\build.check\prj.check\prj.check\doctest_complex\doctest_complex.vcxproj]
     3>D:\projects\misis2024f-check\misis2024f-24-01-malashin-n-o\prj.check\prj.check\doctest_complex\doctest_complex.cpp(82,3): error C2064: результатом вычисления фрагмента не является функция, принимающая 2 аргументов [D:\projects\misis2024f-check\misis2024f-24-01-malashin-n-o\build.check\prj.check\prj.check\doctest_complex\doctest_complex.vcxproj]
     3>D:\projects\misis2024f-check\misis2024f-24-01-malashin-n-o\prj.check\prj.check\doctest_complex\doctest_complex.cpp(82,3): error C2064: результатом вычисления фрагмента не является функция, принимающая 1 аргументов [D:\projects\misis2024f-check\misis2024f-24-01-malashin-n-o\build.check\prj.check\prj.check\doctest_complex\doctest_complex.vcxproj]
     3>D:\projects\misis2024f-check\misis2024f-24-01-malashin-n-o\prj.check\prj.check\doctest_complex\doctest_complex.cpp(83,3): error C2064: результатом вычисления фрагмента не является функция, принимающая 2 аргументов [D:\projects\misis2024f-check\misis2024f-24-01-malashin-n-o\build.check\prj.check\prj.check\doctest_complex\doctest_complex.vcxproj]
     3>D:\projects\misis2024f-check\misis2024f-24-01-malashin-n-o\prj.check\prj.check\doctest_complex\doctest_complex.cpp(83,3): error C2064: результатом вычисления фрагмента не является функция, принимающая 0 аргументов [D:\projects\misis2024f-check\misis2024f-24-01-malashin-n-o\build.check\prj.check\prj.check\doctest_complex\doctest_complex.vcxproj]
     3>D:\projects\misis2024f-check\misis2024f-24-01-malashin-n-o\prj.check\prj.check\doctest_complex\doctest_complex.cpp(87,3): error C2064: результатом вычисления фрагмента не является функция, принимающая 2 аргументов [D:\projects\misis2024f-check\misis2024f-24-01-malashin-n-o\build.check\prj.check\prj.check\doctest_complex\doctest_complex.vcxproj]
     3>D:\projects\misis2024f-check\misis2024f-24-01-malashin-n-o\prj.check\prj.check\doctest_complex\doctest_complex.cpp(88,3): error C2064: результатом вычисления фрагмента не является функция, принимающая 2 аргументов [D:\projects\misis2024f-check\misis2024f-24-01-malashin-n-o\build.check\prj.check\prj.check\doctest_complex\doctest_complex.vcxproj]
     3>D:\projects\misis2024f-check\misis2024f-24-01-malashin-n-o\prj.check\prj.check\doctest_complex\doctest_complex.cpp(88,3): error C2064: результатом вычисления фрагмента не является функция, принимающая 1 аргументов [D:\projects\misis2024f-check\misis2024f-24-01-malashin-n-o\build.check\prj.check\prj.check\doctest_complex\doctest_complex.vcxproj]
     3>D:\projects\misis2024f-check\misis2024f-24-01-malashin-n-o\prj.check\prj.check\doctest_complex\doctest_complex.cpp(89,3): error C2064: результатом вычисления фрагмента не является функция, принимающая 2 аргументов [D:\projects\misis2024f-check\misis2024f-24-01-malashin-n-o\build.check\prj.check\prj.check\doctest_complex\doctest_complex.vcxproj]
     3>D:\projects\misis2024f-check\misis2024f-24-01-malashin-n-o\prj.check\prj.check\doctest_complex\doctest_complex.cpp(89,3): error C2064: результатом вычисления фрагмента не является функция, принимающая 0 аргументов [D:\projects\misis2024f-check\misis2024f-24-01-malashin-n-o\build.check\prj.check\prj.check\doctest_complex\doctest_complex.vcxproj]
     3>D:\projects\misis2024f-check\misis2024f-24-01-malashin-n-o\prj.check\prj.check\doctest_complex\doctest_complex.cpp(93,3): error C2064: результатом вычисления фрагмента не является функция, принимающая 2 аргументов [D:\projects\misis2024f-check\misis2024f-24-01-malashin-n-o\build.check\prj.check\prj.check\doctest_complex\doctest_complex.vcxproj]
     3>D:\projects\misis2024f-check\misis2024f-24-01-malashin-n-o\prj.check\prj.check\doctest_complex\doctest_complex.cpp(94,3): error C2064: результатом вычисления фрагмента не является функция, принимающая 2 аргументов [D:\projects\misis2024f-check\misis2024f-24-01-malashin-n-o\build.check\prj.check\prj.check\doctest_complex\doctest_complex.vcxproj]
     3>D:\projects\misis2024f-check\misis2024f-24-01-malashin-n-o\prj.check\prj.check\doctest_complex\doctest_complex.cpp(94,3): error C1003: число ошибок превышает 100; остановка компиляции [D:\projects\misis2024f-check\misis2024f-24-01-malashin-n-o\build.check\prj.check\prj.check\doctest_complex\doctest_complex.vcxproj]
     4>LINK : fatal error LNK1181: не удается открыть входной файл "rational.lib" [D:\projects\misis2024f-check\misis2024f-24-01-malashin-n-o\build.check\prj.check\prj.check\doctest_rational\doctest_rational_io.vcxproj]
